[Thu Mar 20 14:50:43.679765 2025] [mpm_winnt:notice] [pid 15500:tid 448] AH00455: Apache/2.4.58 (Win64) PHP/8.3.0 configured -- resuming normal operations
[Thu Mar 20 14:50:43.679765 2025] [mpm_winnt:notice] [pid 15500:tid 448] AH00456: Apache Lounge VS17 Server built: Oct 18 2023 13:03:18
[Thu Mar 20 14:50:43.679765 2025] [core:notice] [pid 15500:tid 448] AH00094: Command line: 'C:\\Users\\sprot\\Downloads\\UniServerZ\\core\\apache2\\bin\\httpd_z.exe -d C:/Users/sprot/Downloads/UniServerZ/core/apache2 -f C:\\Users\\sprot\\Downloads\\UniServerZ\\core\\apache2\\conf\\httpd.conf -d C:\\Users\\sprot\\Downloads\\UniServerZ\\core\\apache2'
[Thu Mar 20 14:50:43.682269 2025] [mpm_winnt:notice] [pid 15500:tid 448] AH00418: Parent: Created child process 28092
[Thu Mar 20 14:50:43.929491 2025] [mpm_winnt:notice] [pid 28092:tid 440] AH00354: Child: Starting 150 worker threads.
[Tue Mar 25 09:12:39.286246 2025] [core:warn] [pid 7568:tid 528] AH00098: pid file C:/Users/SziSza10A24/Desktop/UniServerZ/UniServerZ/core/apache2/logs/httpd.pid overwritten -- Unclean shutdown of previous Apache run?
[Tue Mar 25 09:12:39.317647 2025] [mpm_winnt:notice] [pid 7568:tid 528] AH00455: Apache/2.4.58 (Win64) PHP/8.3.0 configured -- resuming normal operations
[Tue Mar 25 09:12:39.317647 2025] [mpm_winnt:notice] [pid 7568:tid 528] AH00456: Apache Lounge VS17 Server built: Oct 18 2023 13:03:18
[Tue Mar 25 09:12:39.317647 2025] [core:notice] [pid 7568:tid 528] AH00094: Command line: 'C:\\Users\\SziSza10A24\\Desktop\\UniServerZ\\UniServerZ\\core\\apache2\\bin\\httpd_z.exe -d C:/Users/SziSza10A24/Desktop/UniServerZ/UniServerZ/core/apache2 -f C:\\Users\\SziSza10A24\\Desktop\\UniServerZ\\UniServerZ\\core\\apache2\\conf\\httpd.conf -d C:\\Users\\SziSza10A24\\Desktop\\UniServerZ\\UniServerZ\\core\\apache2'
[Tue Mar 25 09:12:39.324652 2025] [mpm_winnt:notice] [pid 7568:tid 528] AH00418: Parent: Created child process 4552
[Tue Mar 25 09:12:39.636729 2025] [mpm_winnt:notice] [pid 4552:tid 476] AH00354: Child: Starting 150 worker threads.
[Tue Mar 25 09:12:40.678439 2025] [php:error] [pid 4552:tid 1880] [client ::1:50021] script 'C:/Users/SziSza10A24/Desktop/UniServerZ/UniServerZ/www/index.php' not found or unable to stat
[Tue Mar 25 09:14:35.663111 2025] [core:warn] [pid 1184:tid 484] AH00098: pid file C:/Users/SziSza10A24/Desktop/UniServerZ/UniServerZ/core/apache2/logs/httpd.pid overwritten -- Unclean shutdown of previous Apache run?
[Tue Mar 25 09:14:35.683508 2025] [mpm_winnt:notice] [pid 1184:tid 484] AH00455: Apache/2.4.58 (Win64) PHP/8.3.0 configured -- resuming normal operations
[Tue Mar 25 09:14:35.683508 2025] [mpm_winnt:notice] [pid 1184:tid 484] AH00456: Apache Lounge VS17 Server built: Oct 18 2023 13:03:18
[Tue Mar 25 09:14:35.683508 2025] [core:notice] [pid 1184:tid 484] AH00094: Command line: 'C:\\Users\\SziSza10A24\\Desktop\\UniServerZ\\UniServerZ\\core\\apache2\\bin\\httpd_z.exe -d C:/Users/SziSza10A24/Desktop/UniServerZ/UniServerZ/core/apache2 -f C:\\Users\\SziSza10A24\\Desktop\\UniServerZ\\UniServerZ\\core\\apache2\\conf\\httpd.conf -d C:\\Users\\SziSza10A24\\Desktop\\UniServerZ\\UniServerZ\\core\\apache2'
[Tue Mar 25 09:14:35.683508 2025] [mpm_winnt:notice] [pid 1184:tid 484] AH00418: Parent: Created child process 8520
[Tue Mar 25 09:14:35.993949 2025] [mpm_winnt:notice] [pid 8520:tid 472] AH00354: Child: Starting 150 worker threads.
[Tue Mar 25 09:14:36.730703 2025] [php:error] [pid 8520:tid 1876] [client ::1:50059] script 'C:/Users/SziSza10A24/Desktop/UniServerZ/UniServerZ/www/index.php' not found or unable to stat
[Wed Mar 26 14:45:55.529542 2025] [core:warn] [pid 2024:tid 488] AH00098: pid file C:/Users/SziSza10A24/Documents/GitHub/10.a-webprog/webprog/UniServerZ/core/apache2/logs/httpd.pid overwritten -- Unclean shutdown of previous Apache run?
[Wed Mar 26 14:45:55.771683 2025] [mpm_winnt:notice] [pid 2024:tid 488] AH00455: Apache/2.4.58 (Win64) PHP/8.3.0 configured -- resuming normal operations
[Wed Mar 26 14:45:55.771683 2025] [mpm_winnt:notice] [pid 2024:tid 488] AH00456: Apache Lounge VS17 Server built: Oct 18 2023 13:03:18
[Wed Mar 26 14:45:55.771683 2025] [core:notice] [pid 2024:tid 488] AH00094: Command line: 'C:\\Users\\SziSza10A24\\Documents\\GitHub\\10.a-webprog\\webprog\\UniServerZ\\core\\apache2\\bin\\httpd_z.exe -d C:/Users/SziSza10A24/Documents/GitHub/10.a-webprog/webprog/UniServerZ/core/apache2 -f C:\\Users\\SziSza10A24\\Documents\\GitHub\\10.a-webprog\\webprog\\UniServerZ\\core\\apache2\\conf\\httpd.conf -d C:\\Users\\SziSza10A24\\Documents\\GitHub\\10.a-webprog\\webprog\\UniServerZ\\core\\apache2'
[Wed Mar 26 14:45:55.773688 2025] [mpm_winnt:notice] [pid 2024:tid 488] AH00418: Parent: Created child process 7856
[Wed Mar 26 14:45:56.107338 2025] [mpm_winnt:notice] [pid 7856:tid 472] AH00354: Child: Starting 150 worker threads.
[Thu Mar 27 07:57:26.579058 2025] [core:warn] [pid 7200:tid 456] AH00098: pid file C:/Users/SziSza10A24/Documents/GitHub/10.a-webprog/webprog/UniServerZ/core/apache2/logs/httpd.pid overwritten -- Unclean shutdown of previous Apache run?
[Thu Mar 27 07:57:26.610612 2025] [mpm_winnt:notice] [pid 7200:tid 456] AH00455: Apache/2.4.58 (Win64) PHP/8.3.0 configured -- resuming normal operations
[Thu Mar 27 07:57:26.610612 2025] [mpm_winnt:notice] [pid 7200:tid 456] AH00456: Apache Lounge VS17 Server built: Oct 18 2023 13:03:18
[Thu Mar 27 07:57:26.610612 2025] [core:notice] [pid 7200:tid 456] AH00094: Command line: 'C:\\Users\\SziSza10A24\\Documents\\GitHub\\10.a-webprog\\webprog\\UniServerZ\\core\\apache2\\bin\\httpd_z.exe -d C:/Users/SziSza10A24/Documents/GitHub/10.a-webprog/webprog/UniServerZ/core/apache2 -f C:\\Users\\SziSza10A24\\Documents\\GitHub\\10.a-webprog\\webprog\\UniServerZ\\core\\apache2\\conf\\httpd.conf -d C:\\Users\\SziSza10A24\\Documents\\GitHub\\10.a-webprog\\webprog\\UniServerZ\\core\\apache2'
[Thu Mar 27 07:57:26.615947 2025] [mpm_winnt:notice] [pid 7200:tid 456] AH00418: Parent: Created child process 3964
[Thu Mar 27 07:57:26.866132 2025] [mpm_winnt:notice] [pid 3964:tid 440] AH00354: Child: Starting 150 worker threads.
[Thu Mar 27 08:25:13.803754 2025] [php:error] [pid 3964:tid 1852] [client ::1:52916] PHP Parse error:  syntax error, unexpected token "}", expecting "," or ";" in C:\\Users\\SziSza10A24\\Documents\\GitHub\\10.a-webprog\\webprog\\UniServerZ\\www\\index.php on line 51, referer: http://localhost/index.php
[Thu Mar 27 08:25:41.302142 2025] [core:warn] [pid 1420:tid 460] AH00098: pid file C:/Users/SziSza10A24/Documents/GitHub/10.a-webprog/webprog/UniServerZ/core/apache2/logs/httpd.pid overwritten -- Unclean shutdown of previous Apache run?
[Thu Mar 27 08:25:41.545732 2025] [mpm_winnt:notice] [pid 1420:tid 460] AH00455: Apache/2.4.58 (Win64) PHP/8.3.0 configured -- resuming normal operations
[Thu Mar 27 08:25:41.545732 2025] [mpm_winnt:notice] [pid 1420:tid 460] AH00456: Apache Lounge VS17 Server built: Oct 18 2023 13:03:18
[Thu Mar 27 08:25:41.545732 2025] [core:notice] [pid 1420:tid 460] AH00094: Command line: 'C:\\Users\\SziSza10A24\\Documents\\GitHub\\10.a-webprog\\webprog\\UniServerZ\\core\\apache2\\bin\\httpd_z.exe -d C:/Users/SziSza10A24/Documents/GitHub/10.a-webprog/webprog/UniServerZ/core/apache2 -f C:\\Users\\SziSza10A24\\Documents\\GitHub\\10.a-webprog\\webprog\\UniServerZ\\core\\apache2\\conf\\httpd.conf -d C:\\Users\\SziSza10A24\\Documents\\GitHub\\10.a-webprog\\webprog\\UniServerZ\\core\\apache2'
[Thu Mar 27 08:25:41.547738 2025] [mpm_winnt:notice] [pid 1420:tid 460] AH00418: Parent: Created child process 8856
[Thu Mar 27 08:25:41.802072 2025] [mpm_winnt:notice] [pid 8856:tid 440] AH00354: Child: Starting 150 worker threads.
[Thu Mar 27 08:25:42.308468 2025] [php:error] [pid 8856:tid 1848] [client ::1:52918] PHP Parse error:  syntax error, unexpected token "}", expecting "," or ";" in C:\\Users\\SziSza10A24\\Documents\\GitHub\\10.a-webprog\\webprog\\UniServerZ\\www\\index.php on line 51
[Thu Mar 27 08:27:48.681506 2025] [php:error] [pid 8856:tid 1840] [client ::1:52920] PHP Parse error:  syntax error, unexpected token "}", expecting "," or ";" in C:\\Users\\SziSza10A24\\Documents\\GitHub\\10.a-webprog\\webprog\\UniServerZ\\www\\index.php on line 51
[Thu Mar 27 08:27:50.842564 2025] [php:error] [pid 8856:tid 1848] [client ::1:52921] PHP Parse error:  syntax error, unexpected token "}", expecting "," or ";" in C:\\Users\\SziSza10A24\\Documents\\GitHub\\10.a-webprog\\webprog\\UniServerZ\\www\\index.php on line 51
[Thu Mar 27 08:28:24.819106 2025] [php:error] [pid 8856:tid 1848] [client ::1:52922] PHP Parse error:  syntax error, unexpected token "}", expecting "," or ";" in C:\\Users\\SziSza10A24\\Documents\\GitHub\\10.a-webprog\\webprog\\UniServerZ\\www\\index.php on line 51
[Thu Mar 27 08:28:39.197118 2025] [php:error] [pid 8856:tid 1840] [client ::1:52923] PHP Parse error:  syntax error, unexpected token "}", expecting "," or ";" in C:\\Users\\SziSza10A24\\Documents\\GitHub\\10.a-webprog\\webprog\\UniServerZ\\www\\index.php on line 51
[Thu Mar 27 08:35:30.399577 2025] [php:warn] [pid 8856:tid 1840] [client ::1:52933] PHP Warning:  Undefined variable $b in C:\\Users\\SziSza10A24\\Documents\\GitHub\\10.a-webprog\\webprog\\UniServerZ\\www\\index.php on line 54, referer: http://localhost/index.php
[Fri Mar 28 08:09:17.298554 2025] [core:warn] [pid 7764:tid 472] AH00098: pid file C:/Users/SziSza10A24/Documents/GitHub/10.a-webprog/webprog/UniServerZ/core/apache2/logs/httpd.pid overwritten -- Unclean shutdown of previous Apache run?
[Fri Mar 28 08:09:17.582400 2025] [mpm_winnt:notice] [pid 7764:tid 472] AH00455: Apache/2.4.58 (Win64) PHP/8.3.0 configured -- resuming normal operations
[Fri Mar 28 08:09:17.582400 2025] [mpm_winnt:notice] [pid 7764:tid 472] AH00456: Apache Lounge VS17 Server built: Oct 18 2023 13:03:18
[Fri Mar 28 08:09:17.582400 2025] [core:notice] [pid 7764:tid 472] AH00094: Command line: 'C:\\Users\\SziSza10A24\\Documents\\GitHub\\10.a-webprog\\webprog\\UniServerZ\\core\\apache2\\bin\\httpd_z.exe -d C:/Users/SziSza10A24/Documents/GitHub/10.a-webprog/webprog/UniServerZ/core/apache2 -f C:\\Users\\SziSza10A24\\Documents\\GitHub\\10.a-webprog\\webprog\\UniServerZ\\core\\apache2\\conf\\httpd.conf -d C:\\Users\\SziSza10A24\\Documents\\GitHub\\10.a-webprog\\webprog\\UniServerZ\\core\\apache2'
[Fri Mar 28 08:09:17.598407 2025] [mpm_winnt:notice] [pid 7764:tid 472] AH00418: Parent: Created child process 6916
[Fri Mar 28 08:09:17.947199 2025] [mpm_winnt:notice] [pid 6916:tid 484] AH00354: Child: Starting 150 worker threads.
[Fri Mar 28 08:35:08.214343 2025] [php:warn] [pid 6916:tid 1880] [client ::1:52103] PHP Warning:  Undefined variable $b in C:\\Users\\SziSza10A24\\Documents\\GitHub\\10.a-webprog\\webprog\\UniServerZ\\www\\index.php on line 48, referer: http://localhost/index.php
[Fri Mar 28 08:35:08.214343 2025] [php:warn] [pid 6916:tid 1880] [client ::1:52103] PHP Warning:  Undefined variable $sum in C:\\Users\\SziSza10A24\\Documents\\GitHub\\10.a-webprog\\webprog\\UniServerZ\\www\\index.php on line 57, referer: http://localhost/index.php
[Fri Mar 28 08:36:42.351066 2025] [php:warn] [pid 6916:tid 1868] [client ::1:52112] PHP Warning:  Undefined variable $b in C:\\Users\\SziSza10A24\\Documents\\GitHub\\10.a-webprog\\webprog\\UniServerZ\\www\\index.php on line 48, referer: http://localhost/index.php
[Fri Mar 28 08:36:49.977692 2025] [php:warn] [pid 6916:tid 1880] [client ::1:52113] PHP Warning:  Undefined variable $b in C:\\Users\\SziSza10A24\\Documents\\GitHub\\10.a-webprog\\webprog\\UniServerZ\\www\\index.php on line 48, referer: http://localhost/index.php
[Fri Mar 28 08:37:16.261055 2025] [php:warn] [pid 6916:tid 1868] [client ::1:52115] PHP Warning:  Undefined variable $b in C:\\Users\\SziSza10A24\\Documents\\GitHub\\10.a-webprog\\webprog\\UniServerZ\\www\\index.php on line 48, referer: http://localhost/index.php
[Fri Mar 28 08:46:29.730167 2025] [php:error] [pid 6916:tid 1880] [client ::1:52158] PHP Parse error:  syntax error, unexpected token "}" in C:\\Users\\SziSza10A24\\Documents\\GitHub\\10.a-webprog\\webprog\\UniServerZ\\www\\index.php on line 62, referer: http://localhost/index.php
